scanner.l:72: warning, rule cannot be matched
scanner.l:73: warning, rule cannot be matched
scanner.l:74: warning, rule cannot be matched
scanner.l:75: warning, rule cannot be matched
scanner.l:76: warning, rule cannot be matched
scanner.l:78: warning, rule cannot be matched
scanner.l:79: warning, rule cannot be matched
scanner.l:80: warning, rule cannot be matched
flex version 2.5.39 usage statistics:
  scanner options: -dsvI8 -Cem -oyylex.cpp
  266/2000 NFA states
  87/1000 DFA states (467 words)
  51 rules
  Compressed tables always back-up
  1/40 start conditions
  162 epsilon states, 62 double epsilon states
  12/100 character classes needed 147/500 words of storage, 0 reused
  1220 state/nextstate pairs created
  214/1006 unique/duplicate transitions
  92/1000 base-def entries created
  166/2000 (peak 274) nxt-chk entries created
  20/2500 (peak 230) template nxt-chk entries created
  0 empty table entries
  5 protos created
  5 templates created, 49 uses
  46/256 equivalence classes created
  4/256 meta-equivalence classes created
  0 (3 saved) hash collisions, 130 DFAs equal
  0 sets of reallocations needed
  818 total table entries needed
